2023-06-07T08:34:24.118+05:30  INFO 9512 --- [main] c.p.r.onlineCarRentals.Application       : Starting Application using Java 17.0.6 with PID 9512 (C:\Users\welco\eclipse-workspace\onlineCarRentals\target\classes started by welco in C:\Users\welco\eclipse-workspace\onlineCarRentals)
2023-06-07T08:34:24.124+05:30  INFO 9512 --- [main] c.p.r.onlineCarRentals.Application       : No active profile set, falling back to 1 default profile: "default"
2023-06-07T08:34:24.745+05:30  INFO 9512 --- [main] .s.d.r.c.RepositoryConfigurationDelegate : Bootstrapping Spring Data JPA repositories in DEFAULT mode.
2023-06-07T08:34:24.805+05:30  INFO 9512 --- [main] .s.d.r.c.RepositoryConfigurationDelegate : Finished Spring Data repository scanning in 50 ms. Found 4 JPA repository interfaces.
2023-06-07T08:34:25.192+05:30  INFO 9512 --- [main] o.s.b.w.embedded.tomcat.TomcatWebServer  : Tomcat initialized with port(s): 8080 (http)
2023-06-07T08:34:25.201+05:30  INFO 9512 --- [main] o.apache.catalina.core.StandardService   : Starting service [Tomcat]
2023-06-07T08:34:25.202+05:30  INFO 9512 --- [main] o.apache.catalina.core.StandardEngine    : Starting Servlet engine: [Apache Tomcat/10.1.7]
2023-06-07T08:34:25.287+05:30  INFO 9512 --- [main] o.a.c.c.C.[Tomcat].[localhost].[/]       : Initializing Spring embedded WebApplicationContext
2023-06-07T08:34:25.287+05:30  INFO 9512 --- [main] w.s.c.ServletWebServerApplicationContext : Root WebApplicationContext: initialization completed in 1130 ms
2023-06-07T08:34:25.408+05:30  INFO 9512 --- [main] o.hibernate.jpa.internal.util.LogHelper  : HHH000204: Processing PersistenceUnitInfo [name: default]
2023-06-07T08:34:25.462+05:30  INFO 9512 --- [main] org.hibernate.Version                    : HHH000412: Hibernate ORM core version 6.1.7.Final
2023-06-07T08:34:25.684+05:30  INFO 9512 --- [main] com.zaxxer.hikari.HikariDataSource       : rentals - Starting...
2023-06-07T08:34:25.901+05:30  INFO 9512 --- [main] com.zaxxer.hikari.pool.HikariPool        : rentals - Added connection com.mysql.cj.jdbc.ConnectionImpl@1109730f
2023-06-07T08:34:25.903+05:30  INFO 9512 --- [main] com.zaxxer.hikari.HikariDataSource       : rentals - Start completed.
2023-06-07T08:34:25.918+05:30  INFO 9512 --- [main] SQL dialect                              : HHH000400: Using dialect: org.hibernate.dialect.MySQL8Dialect
2023-06-07T08:34:25.919+05:30  WARN 9512 --- [main] org.hibernate.orm.deprecation            : HHH90000026: MySQL8Dialect has been deprecated; use org.hibernate.dialect.MySQLDialect instead
2023-06-07T08:34:26.562+05:30  INFO 9512 --- [main] o.h.e.t.j.p.i.JtaPlatformInitiator       : HHH000490: Using JtaPlatform implementation: [org.hibernate.engine.transaction.jta.platform.internal.NoJtaPlatform]
2023-06-07T08:34:26.571+05:30  INFO 9512 --- [main] j.LocalContainerEntityManagerFactoryBean : Initialized JPA EntityManagerFactory for persistence unit 'default'
2023-06-07T08:34:26.854+05:30  WARN 9512 --- [main] JpaBaseConfiguration$JpaWebConfiguration : spring.jpa.open-in-view is enabled by default. Therefore, database queries may be performed during view rendering. Explicitly configure spring.jpa.open-in-view to disable this warning
2023-06-07T08:34:27.130+05:30  INFO 9512 --- [main] o.s.b.w.embedded.tomcat.TomcatWebServer  : Tomcat started on port(s): 8080 (http) with context path ''
2023-06-07T08:34:27.135+05:30  INFO 9512 --- [main] c.p.r.onlineCarRentals.Application       : Started Application in 3.318 seconds (process running for 3.804)
2023-06-07T08:34:27.136+05:30  INFO 9512 --- [main] c.p.r.onlineCarRentals.Application       : Application Started
2023-06-07T08:34:48.584+05:30  INFO 9512 --- [http-nio-8080-exec-2] o.a.c.c.C.[Tomcat].[localhost].[/]       : Initializing Spring DispatcherServlet 'dispatcherServlet'
2023-06-07T08:34:48.585+05:30  INFO 9512 --- [http-nio-8080-exec-2] o.s.web.servlet.DispatcherServlet        : Initializing Servlet 'dispatcherServlet'
2023-06-07T08:34:48.587+05:30  INFO 9512 --- [http-nio-8080-exec-2] o.s.web.servlet.DispatcherServlet        : Completed initialization in 2 ms
2023-06-07T08:34:48.638+05:30  INFO 9512 --- [http-nio-8080-exec-2] c.p.r.o.controller.CarsController        : Get all data: {}
2023-06-07T08:34:48.638+05:30  INFO 9512 --- [http-nio-8080-exec-2] c.p.r.o.service.CarsServiceImpl          : Get all data: {}
2023-06-07T08:34:51.946+05:30  INFO 9512 --- [http-nio-8080-exec-4] c.p.r.o.c.TransactionController          : Get all data: {}
2023-06-07T08:34:51.946+05:30  INFO 9512 --- [http-nio-8080-exec-4] c.p.r.o.service.TransactionServiceImpl   : Get all data: {}
2023-06-07T08:34:58.560+05:30  INFO 9512 --- [http-nio-8080-exec-3] c.p.r.o.controller.UserController        : Get all data: {}
2023-06-07T08:34:58.560+05:30  INFO 9512 --- [http-nio-8080-exec-3] c.p.r.o.service.UserServiceImpl          : Get all data: {}
2023-06-07T08:35:08.572+05:30  INFO 9512 --- [http-nio-8080-exec-5] c.p.r.o.controller.ParkingController     : Get all data: {}
2023-06-07T08:35:08.573+05:30  INFO 9512 --- [http-nio-8080-exec-5] c.p.r.o.service.ParkingServiceImpl       : Get all data: {}
2023-06-07T08:37:23.669+05:30  INFO 9512 --- [http-nio-8080-exec-6] c.p.r.o.controller.UserController        : Insert into table: User(userId=0, name=RITIKA, email=riti@ac.in, password=Abc@123, phoneNumber=9932721685)
2023-06-07T08:37:23.669+05:30  INFO 9512 --- [http-nio-8080-exec-6] c.p.r.o.service.UserServiceImpl          : Insert into user table: User(userId=0, name=RITIKA, email=riti@ac.in, password=Abc@123, phoneNumber=9932721685)
2023-06-07T08:38:27.587+05:30  INFO 9512 --- [http-nio-8080-exec-9] c.p.r.o.controller.UserController        : Find by email: riti1@ac.in
2023-06-07T08:38:38.518+05:30  INFO 9512 --- [http-nio-8080-exec-1] c.p.r.o.controller.UserController        : Find by email: riti@ac.in
2023-06-07T08:38:46.651+05:30  INFO 9512 --- [http-nio-8080-exec-2] c.p.r.o.controller.UserController        : Find by email: riti@ac.in
2023-06-07T08:39:20.052+05:30  INFO 9512 --- [http-nio-8080-exec-4] c.p.r.o.controller.CarsController        : Get all data: {}
2023-06-07T08:39:20.052+05:30  INFO 9512 --- [http-nio-8080-exec-4] c.p.r.o.service.CarsServiceImpl          : Get all data: {}
2023-06-07T08:41:56.392+05:30  INFO 9512 --- [http-nio-8080-exec-7] c.p.r.o.controller.UserController        : Find by userId: 8
2023-06-07T08:41:56.393+05:30  INFO 9512 --- [http-nio-8080-exec-7] c.p.r.o.service.UserServiceImpl          : Find by userId: 8
2023-06-07T08:41:56.440+05:30  INFO 9512 --- [http-nio-8080-exec-6] c.p.r.o.c.TransactionController          : Insert into transaction: Transaction(transactionId=0, pickupDate=2023-06-07, returnDate=2023-06-08, dlNo=WB3512345678985, modeOfPayment=Cash, cost=0.0, discount=0.0, tax=0.0, cars=Cars(carId=6, carCompany=Maruti Swift, type=Hatchback, rent=1400.0, parkingNo=Parking(parkingNo=2, parkingName=Sealdah, noOfCars=8)), carId=0, userId=User(userId=8, name=RITIKA, email=riti@ac.in, password=Abc@123, phoneNumber=9932721685))
2023-06-07T08:41:56.440+05:30  INFO 9512 --- [http-nio-8080-exec-6] c.p.r.o.service.TransactionServiceImpl   : Insert into transaction: Transaction(transactionId=0, pickupDate=2023-06-07, returnDate=2023-06-08, dlNo=WB3512345678985, modeOfPayment=Cash, cost=0.0, discount=0.0, tax=0.0, cars=Cars(carId=6, carCompany=Maruti Swift, type=Hatchback, rent=1400.0, parkingNo=Parking(parkingNo=2, parkingName=Sealdah, noOfCars=8)), carId=0, userId=User(userId=8, name=RITIKA, email=riti@ac.in, password=Abc@123, phoneNumber=9932721685))
2023-06-07T08:41:56.456+05:30  INFO 9512 --- [http-nio-8080-exec-6] c.p.r.o.service.CarsServiceImpl          : Find by carId: 6
2023-06-07T08:42:08.377+05:30  INFO 9512 --- [http-nio-8080-exec-10] c.p.r.o.c.TransactionController          : Get all data: {}
2023-06-07T08:42:08.377+05:30  INFO 9512 --- [http-nio-8080-exec-10] c.p.r.o.service.TransactionServiceImpl   : Get all data: {}
2023-06-07T08:44:09.745+05:30  INFO 9512 --- [http-nio-8080-exec-1] c.p.r.o.c.TransactionController          : Get all data: {}
2023-06-07T08:44:09.746+05:30  INFO 9512 --- [http-nio-8080-exec-1] c.p.r.o.service.TransactionServiceImpl   : Get all data: {}
2023-06-07T08:44:37.874+05:30  INFO 9512 --- [http-nio-8080-exec-2] c.p.r.o.controller.UserController        : Find by userId: 8
2023-06-07T08:44:37.875+05:30  INFO 9512 --- [http-nio-8080-exec-2] c.p.r.o.service.UserServiceImpl          : Find by userId: 8
2023-06-07T08:44:37.890+05:30  INFO 9512 --- [http-nio-8080-exec-4] c.p.r.o.controller.UserController        : Find by userId: 8
2023-06-07T08:44:37.891+05:30  INFO 9512 --- [http-nio-8080-exec-4] c.p.r.o.service.UserServiceImpl          : Find by userId: 8
2023-06-07T08:45:20.051+05:30  INFO 9512 --- [http-nio-8080-exec-5] c.p.r.o.controller.UserController        : Update table by userId: 8
2023-06-07T08:45:20.051+05:30  INFO 9512 --- [http-nio-8080-exec-5] c.p.r.o.service.UserServiceImpl          : Update by userId: 8
2023-06-07T08:45:24.956+05:30  INFO 9512 --- [http-nio-8080-exec-7] c.p.r.o.controller.UserController        : Find by userId: 8
2023-06-07T08:45:24.957+05:30  INFO 9512 --- [http-nio-8080-exec-7] c.p.r.o.service.UserServiceImpl          : Find by userId: 8
2023-06-07T08:45:24.965+05:30  INFO 9512 --- [http-nio-8080-exec-8] c.p.r.o.controller.UserController        : Find by userId: 8
2023-06-07T08:45:24.965+05:30  INFO 9512 --- [http-nio-8080-exec-8] c.p.r.o.service.UserServiceImpl          : Find by userId: 8
2023-06-07T08:46:11.456+05:30  INFO 9512 --- [http-nio-8080-exec-6] c.p.r.o.controller.UserController        : Find by email: front@end.com
2023-06-07T08:46:46.860+05:30  INFO 9512 --- [http-nio-8080-exec-1] c.p.r.o.c.TransactionController          : Delete by transactionId: 8
2023-06-07T08:46:46.861+05:30  INFO 9512 --- [http-nio-8080-exec-1] c.p.r.o.service.TransactionServiceImpl   : Delete by transactionId: 8
2023-06-07T08:46:51.860+05:30  INFO 9512 --- [http-nio-8080-exec-2] c.p.r.o.c.TransactionController          : Delete by transactionId: 9
2023-06-07T08:46:51.860+05:30  INFO 9512 --- [http-nio-8080-exec-2] c.p.r.o.service.TransactionServiceImpl   : Delete by transactionId: 9
2023-06-07T08:46:55.175+05:30  INFO 9512 --- [http-nio-8080-exec-4] c.p.r.o.c.TransactionController          : Get all data: {}
2023-06-07T08:46:55.175+05:30  INFO 9512 --- [http-nio-8080-exec-4] c.p.r.o.service.TransactionServiceImpl   : Get all data: {}
2023-06-07T08:47:02.183+05:30  INFO 9512 --- [http-nio-8080-exec-3] c.p.r.o.controller.CarsController        : Get all data: {}
2023-06-07T08:47:02.183+05:30  INFO 9512 --- [http-nio-8080-exec-3] c.p.r.o.service.CarsServiceImpl          : Get all data: {}
2023-06-07T08:47:06.730+05:30  INFO 9512 --- [http-nio-8080-exec-5] c.p.r.o.controller.ParkingController     : Get all data: {}
2023-06-07T08:47:06.730+05:30  INFO 9512 --- [http-nio-8080-exec-5] c.p.r.o.service.ParkingServiceImpl       : Get all data: {}
2023-06-07T08:47:10.502+05:30  INFO 9512 --- [http-nio-8080-exec-7] c.p.r.o.controller.UserController        : Get all data: {}
2023-06-07T08:47:10.503+05:30  INFO 9512 --- [http-nio-8080-exec-7] c.p.r.o.service.UserServiceImpl          : Get all data: {}
2023-06-07T08:47:33.063+05:30  INFO 9512 --- [http-nio-8080-exec-8] c.p.r.o.c.TransactionController          : Get all data: {}
2023-06-07T08:47:33.063+05:30  INFO 9512 --- [http-nio-8080-exec-8] c.p.r.o.service.TransactionServiceImpl   : Get all data: {}
2023-06-07T08:47:33.807+05:30  INFO 9512 --- [http-nio-8080-exec-6] c.p.r.o.controller.CarsController        : Get all data: {}
2023-06-07T08:47:33.807+05:30  INFO 9512 --- [http-nio-8080-exec-6] c.p.r.o.service.CarsServiceImpl          : Get all data: {}
2023-06-07T08:50:44.085+05:30  INFO 13928 --- [main] c.p.r.o.OnlineCarRentalsApplicationTests : Starting OnlineCarRentalsApplicationTests using Java 17.0.6 with PID 13928 (started by welco in C:\Users\welco\eclipse-workspace\onlineCarRentals)
2023-06-07T08:50:44.087+05:30  INFO 13928 --- [main] c.p.r.o.OnlineCarRentalsApplicationTests : No active profile set, falling back to 1 default profile: "default"
2023-06-07T08:50:44.741+05:30  INFO 13928 --- [main] .s.d.r.c.RepositoryConfigurationDelegate : Bootstrapping Spring Data JPA repositories in DEFAULT mode.
2023-06-07T08:50:44.814+05:30  INFO 13928 --- [main] .s.d.r.c.RepositoryConfigurationDelegate : Finished Spring Data repository scanning in 58 ms. Found 4 JPA repository interfaces.
2023-06-07T08:50:45.374+05:30  INFO 13928 --- [main] o.hibernate.jpa.internal.util.LogHelper  : HHH000204: Processing PersistenceUnitInfo [name: default]
2023-06-07T08:50:45.463+05:30  INFO 13928 --- [main] org.hibernate.Version                    : HHH000412: Hibernate ORM core version 6.1.7.Final
2023-06-07T08:50:45.795+05:30  INFO 13928 --- [main] com.zaxxer.hikari.HikariDataSource       : rentals - Starting...
2023-06-07T08:50:46.140+05:30  INFO 13928 --- [main] com.zaxxer.hikari.pool.HikariPool        : rentals - Added connection com.mysql.cj.jdbc.ConnectionImpl@59f1a96c
2023-06-07T08:50:46.144+05:30  INFO 13928 --- [main] com.zaxxer.hikari.HikariDataSource       : rentals - Start completed.
2023-06-07T08:50:46.175+05:30  INFO 13928 --- [main] SQL dialect                              : HHH000400: Using dialect: org.hibernate.dialect.MySQL8Dialect
2023-06-07T08:50:46.177+05:30  WARN 13928 --- [main] org.hibernate.orm.deprecation            : HHH90000026: MySQL8Dialect has been deprecated; use org.hibernate.dialect.MySQLDialect instead
2023-06-07T08:50:47.132+05:30  INFO 13928 --- [main] o.h.e.t.j.p.i.JtaPlatformInitiator       : HHH000490: Using JtaPlatform implementation: [org.hibernate.engine.transaction.jta.platform.internal.NoJtaPlatform]
2023-06-07T08:50:47.145+05:30  INFO 13928 --- [main] j.LocalContainerEntityManagerFactoryBean : Initialized JPA EntityManagerFactory for persistence unit 'default'
2023-06-07T08:50:47.679+05:30  WARN 13928 --- [main] JpaBaseConfiguration$JpaWebConfiguration : spring.jpa.open-in-view is enabled by default. Therefore, database queries may be performed during view rendering. Explicitly configure spring.jpa.open-in-view to disable this warning
2023-06-07T08:50:48.109+05:30  INFO 13928 --- [main] c.p.r.o.OnlineCarRentalsApplicationTests : Started OnlineCarRentalsApplicationTests in 4.397 seconds (process running for 8.292)
2023-06-07T08:50:48.113+05:30  INFO 13928 --- [main] c.p.r.onlineCarRentals.Application       : Application Started
2023-06-07T08:50:48.560+05:30  INFO 13928 --- [SpringApplicationShutdownHook] j.LocalContainerEntityManagerFactoryBean : Closing JPA EntityManagerFactory for persistence unit 'default'
2023-06-07T08:50:48.563+05:30  INFO 13928 --- [SpringApplicationShutdownHook] com.zaxxer.hikari.HikariDataSource       : rentals - Shutdown initiated...
2023-06-07T08:50:48.575+05:30  INFO 13928 --- [SpringApplicationShutdownHook] com.zaxxer.hikari.HikariDataSource       : rentals - Shutdown completed.
2023-06-07T08:51:49.474+05:30  INFO 12960 --- [main] c.p.r.o.OnlineCarRentalsApplicationTests : Starting OnlineCarRentalsApplicationTests using Java 17.0.6 with PID 12960 (started by welco in C:\Users\welco\eclipse-workspace\onlineCarRentals)
2023-06-07T08:51:49.475+05:30  INFO 12960 --- [main] c.p.r.o.OnlineCarRentalsApplicationTests : No active profile set, falling back to 1 default profile: "default"
2023-06-07T08:51:50.113+05:30  INFO 12960 --- [main] .s.d.r.c.RepositoryConfigurationDelegate : Bootstrapping Spring Data JPA repositories in DEFAULT mode.
2023-06-07T08:51:50.191+05:30  INFO 12960 --- [main] .s.d.r.c.RepositoryConfigurationDelegate : Finished Spring Data repository scanning in 66 ms. Found 4 JPA repository interfaces.
2023-06-07T08:51:50.690+05:30  INFO 12960 --- [main] o.hibernate.jpa.internal.util.LogHelper  : HHH000204: Processing PersistenceUnitInfo [name: default]
2023-06-07T08:51:50.768+05:30  INFO 12960 --- [main] org.hibernate.Version                    : HHH000412: Hibernate ORM core version 6.1.7.Final
2023-06-07T08:51:51.067+05:30  INFO 12960 --- [main] com.zaxxer.hikari.HikariDataSource       : rentals - Starting...
2023-06-07T08:51:51.426+05:30  INFO 12960 --- [main] com.zaxxer.hikari.pool.HikariPool        : rentals - Added connection com.mysql.cj.jdbc.ConnectionImpl@4412ac1a
2023-06-07T08:51:51.431+05:30  INFO 12960 --- [main] com.zaxxer.hikari.HikariDataSource       : rentals - Start completed.
2023-06-07T08:51:51.452+05:30  INFO 12960 --- [main] SQL dialect                              : HHH000400: Using dialect: org.hibernate.dialect.MySQL8Dialect
2023-06-07T08:51:51.453+05:30  WARN 12960 --- [main] org.hibernate.orm.deprecation            : HHH90000026: MySQL8Dialect has been deprecated; use org.hibernate.dialect.MySQLDialect instead
2023-06-07T08:51:52.400+05:30  INFO 12960 --- [main] o.h.e.t.j.p.i.JtaPlatformInitiator       : HHH000490: Using JtaPlatform implementation: [org.hibernate.engine.transaction.jta.platform.internal.NoJtaPlatform]
2023-06-07T08:51:52.410+05:30  INFO 12960 --- [main] j.LocalContainerEntityManagerFactoryBean : Initialized JPA EntityManagerFactory for persistence unit 'default'
2023-06-07T08:51:52.951+05:30  WARN 12960 --- [main] JpaBaseConfiguration$JpaWebConfiguration : spring.jpa.open-in-view is enabled by default. Therefore, database queries may be performed during view rendering. Explicitly configure spring.jpa.open-in-view to disable this warning
2023-06-07T08:51:53.383+05:30  INFO 12960 --- [main] c.p.r.o.OnlineCarRentalsApplicationTests : Started OnlineCarRentalsApplicationTests in 4.311 seconds (process running for 7.497)
2023-06-07T08:51:53.387+05:30  INFO 12960 --- [main] c.p.r.onlineCarRentals.Application       : Application Started
2023-06-07T08:51:53.799+05:30  INFO 12960 --- [SpringApplicationShutdownHook] j.LocalContainerEntityManagerFactoryBean : Closing JPA EntityManagerFactory for persistence unit 'default'
2023-06-07T08:51:53.804+05:30  INFO 12960 --- [SpringApplicationShutdownHook] com.zaxxer.hikari.HikariDataSource       : rentals - Shutdown initiated...
2023-06-07T08:51:53.817+05:30  INFO 12960 --- [SpringApplicationShutdownHook] com.zaxxer.hikari.HikariDataSource       : rentals - Shutdown completed.
2023-06-07T08:52:05.024+05:30  INFO 20696 --- [main] c.p.r.onlineCarRentals.Application       : Starting Application using Java 17.0.6 with PID 20696 (C:\Users\welco\eclipse-workspace\onlineCarRentals\target\classes started by welco in C:\Users\welco\eclipse-workspace\onlineCarRentals)
2023-06-07T08:52:05.026+05:30  INFO 20696 --- [main] c.p.r.onlineCarRentals.Application       : No active profile set, falling back to 1 default profile: "default"
2023-06-07T08:52:05.429+05:30  INFO 20696 --- [main] .s.d.r.c.RepositoryConfigurationDelegate : Bootstrapping Spring Data JPA repositories in DEFAULT mode.
2023-06-07T08:52:05.482+05:30  INFO 20696 --- [main] .s.d.r.c.RepositoryConfigurationDelegate : Finished Spring Data repository scanning in 45 ms. Found 4 JPA repository interfaces.
2023-06-07T08:52:05.797+05:30  INFO 20696 --- [main] o.s.b.w.embedded.tomcat.TomcatWebServer  : Tomcat initialized with port(s): 8080 (http)
2023-06-07T08:52:05.805+05:30  INFO 20696 --- [main] o.apache.catalina.core.StandardService   : Starting service [Tomcat]
2023-06-07T08:52:05.805+05:30  INFO 20696 --- [main] o.apache.catalina.core.StandardEngine    : Starting Servlet engine: [Apache Tomcat/10.1.7]
2023-06-07T08:52:05.892+05:30  INFO 20696 --- [main] o.a.c.c.C.[Tomcat].[localhost].[/]       : Initializing Spring embedded WebApplicationContext
2023-06-07T08:52:05.893+05:30  INFO 20696 --- [main] w.s.c.ServletWebServerApplicationContext : Root WebApplicationContext: initialization completed in 836 ms
2023-06-07T08:52:05.989+05:30  INFO 20696 --- [main] o.hibernate.jpa.internal.util.LogHelper  : HHH000204: Processing PersistenceUnitInfo [name: default]
2023-06-07T08:52:06.012+05:30  INFO 20696 --- [main] org.hibernate.Version                    : HHH000412: Hibernate ORM core version 6.1.7.Final
2023-06-07T08:52:06.153+05:30  INFO 20696 --- [main] com.zaxxer.hikari.HikariDataSource       : rentals - Starting...
2023-06-07T08:52:06.365+05:30  INFO 20696 --- [main] com.zaxxer.hikari.pool.HikariPool        : rentals - Added connection com.mysql.cj.jdbc.ConnectionImpl@6785c9fa
2023-06-07T08:52:06.367+05:30  INFO 20696 --- [main] com.zaxxer.hikari.HikariDataSource       : rentals - Start completed.
2023-06-07T08:52:06.379+05:30  INFO 20696 --- [main] SQL dialect                              : HHH000400: Using dialect: org.hibernate.dialect.MySQL8Dialect
2023-06-07T08:52:06.381+05:30  WARN 20696 --- [main] org.hibernate.orm.deprecation            : HHH90000026: MySQL8Dialect has been deprecated; use org.hibernate.dialect.MySQLDialect instead
2023-06-07T08:52:07.029+05:30  INFO 20696 --- [main] o.h.e.t.j.p.i.JtaPlatformInitiator       : HHH000490: Using JtaPlatform implementation: [org.hibernate.engine.transaction.jta.platform.internal.NoJtaPlatform]
2023-06-07T08:52:07.037+05:30  INFO 20696 --- [main] j.LocalContainerEntityManagerFactoryBean : Initialized JPA EntityManagerFactory for persistence unit 'default'
2023-06-07T08:52:07.351+05:30  WARN 20696 --- [main] JpaBaseConfiguration$JpaWebConfiguration : spring.jpa.open-in-view is enabled by default. Therefore, database queries may be performed during view rendering. Explicitly configure spring.jpa.open-in-view to disable this warning
2023-06-07T08:52:07.556+05:30  WARN 20696 --- [main] ConfigServletWebServerApplicationContext : Exception encountered during context initialization - cancelling refresh attempt: org.springframework.context.ApplicationContextException: Failed to start bean 'webServerStartStop'
2023-06-07T08:52:07.557+05:30  INFO 20696 --- [main] j.LocalContainerEntityManagerFactoryBean : Closing JPA EntityManagerFactory for persistence unit 'default'
2023-06-07T08:52:07.560+05:30  INFO 20696 --- [main] com.zaxxer.hikari.HikariDataSource       : rentals - Shutdown initiated...
2023-06-07T08:52:07.565+05:30  INFO 20696 --- [main] com.zaxxer.hikari.HikariDataSource       : rentals - Shutdown completed.
2023-06-07T08:52:07.569+05:30  INFO 20696 --- [main] o.apache.catalina.core.StandardService   : Stopping service [Tomcat]
2023-06-07T08:52:07.578+05:30  INFO 20696 --- [main] .s.b.a.l.ConditionEvaluationReportLogger : 

Error starting ApplicationContext. To display the condition evaluation report re-run your application with 'debug' enabled.
2023-06-07T08:52:07.590+05:30 ERROR 20696 --- [main] o.s.b.d.LoggingFailureAnalysisReporter   : 

***************************
APPLICATION FAILED TO START
***************************

Description:

Web server failed to start. Port 8080 was already in use.

Action:

Identify and stop the process that's listening on port 8080 or configure this application to listen on another port.

2023-06-07T08:52:08.442+05:30  INFO 9512 --- [RMI TCP Connection(22)-127.0.0.1] inMXBeanRegistrar$SpringApplicationAdmin : Application shutdown requested.
2023-06-07T08:52:08.451+05:30  INFO 9512 --- [RMI TCP Connection(22)-127.0.0.1] o.apache.catalina.core.StandardService   : Stopping service [Tomcat]
2023-06-07T08:52:08.453+05:30  INFO 9512 --- [RMI TCP Connection(22)-127.0.0.1] o.a.c.c.C.[Tomcat].[localhost].[/]       : Destroying Spring FrameworkServlet 'dispatcherServlet'
2023-06-07T08:52:08.460+05:30  INFO 9512 --- [RMI TCP Connection(22)-127.0.0.1] j.LocalContainerEntityManagerFactoryBean : Closing JPA EntityManagerFactory for persistence unit 'default'
2023-06-07T08:52:08.463+05:30  INFO 9512 --- [RMI TCP Connection(22)-127.0.0.1] com.zaxxer.hikari.HikariDataSource       : rentals - Shutdown initiated...
2023-06-07T08:52:08.472+05:30  INFO 9512 --- [RMI TCP Connection(22)-127.0.0.1] com.zaxxer.hikari.HikariDataSource       : rentals - Shutdown completed.
2023-06-07T08:52:09.869+05:30  INFO 3436 --- [main] c.p.r.onlineCarRentals.Application       : Starting Application using Java 17.0.6 with PID 3436 (C:\Users\welco\eclipse-workspace\onlineCarRentals\target\classes started by welco in C:\Users\welco\eclipse-workspace\onlineCarRentals)
2023-06-07T08:52:09.872+05:30  INFO 3436 --- [main] c.p.r.onlineCarRentals.Application       : No active profile set, falling back to 1 default profile: "default"
2023-06-07T08:52:10.274+05:30  INFO 3436 --- [main] .s.d.r.c.RepositoryConfigurationDelegate : Bootstrapping Spring Data JPA repositories in DEFAULT mode.
2023-06-07T08:52:10.323+05:30  INFO 3436 --- [main] .s.d.r.c.RepositoryConfigurationDelegate : Finished Spring Data repository scanning in 42 ms. Found 4 JPA repository interfaces.
2023-06-07T08:52:10.618+05:30  INFO 3436 --- [main] o.s.b.w.embedded.tomcat.TomcatWebServer  : Tomcat initialized with port(s): 8080 (http)
2023-06-07T08:52:10.627+05:30  INFO 3436 --- [main] o.apache.catalina.core.StandardService   : Starting service [Tomcat]
2023-06-07T08:52:10.627+05:30  INFO 3436 --- [main] o.apache.catalina.core.StandardEngine    : Starting Servlet engine: [Apache Tomcat/10.1.7]
2023-06-07T08:52:10.704+05:30  INFO 3436 --- [main] o.a.c.c.C.[Tomcat].[localhost].[/]       : Initializing Spring embedded WebApplicationContext
2023-06-07T08:52:10.705+05:30  INFO 3436 --- [main] w.s.c.ServletWebServerApplicationContext : Root WebApplicationContext: initialization completed in 802 ms
2023-06-07T08:52:10.798+05:30  INFO 3436 --- [main] o.hibernate.jpa.internal.util.LogHelper  : HHH000204: Processing PersistenceUnitInfo [name: default]
2023-06-07T08:52:10.823+05:30  INFO 3436 --- [main] org.hibernate.Version                    : HHH000412: Hibernate ORM core version 6.1.7.Final
2023-06-07T08:52:10.963+05:30  INFO 3436 --- [main] com.zaxxer.hikari.HikariDataSource       : rentals - Starting...
2023-06-07T08:52:11.154+05:30  INFO 3436 --- [main] com.zaxxer.hikari.pool.HikariPool        : rentals - Added connection com.mysql.cj.jdbc.ConnectionImpl@6785c9fa
2023-06-07T08:52:11.156+05:30  INFO 3436 --- [main] com.zaxxer.hikari.HikariDataSource       : rentals - Start completed.
2023-06-07T08:52:11.166+05:30  INFO 3436 --- [main] SQL dialect                              : HHH000400: Using dialect: org.hibernate.dialect.MySQL8Dialect
2023-06-07T08:52:11.168+05:30  WARN 3436 --- [main] org.hibernate.orm.deprecation            : HHH90000026: MySQL8Dialect has been deprecated; use org.hibernate.dialect.MySQLDialect instead
2023-06-07T08:52:11.711+05:30  INFO 3436 --- [main] o.h.e.t.j.p.i.JtaPlatformInitiator       : HHH000490: Using JtaPlatform implementation: [org.hibernate.engine.transaction.jta.platform.internal.NoJtaPlatform]
2023-06-07T08:52:11.718+05:30  INFO 3436 --- [main] j.LocalContainerEntityManagerFactoryBean : Initialized JPA EntityManagerFactory for persistence unit 'default'
2023-06-07T08:52:11.965+05:30  WARN 3436 --- [main] JpaBaseConfiguration$JpaWebConfiguration : spring.jpa.open-in-view is enabled by default. Therefore, database queries may be performed during view rendering. Explicitly configure spring.jpa.open-in-view to disable this warning
2023-06-07T08:52:12.167+05:30  INFO 3436 --- [main] o.s.b.w.embedded.tomcat.TomcatWebServer  : Tomcat started on port(s): 8080 (http) with context path ''
2023-06-07T08:52:12.174+05:30  INFO 3436 --- [main] c.p.r.onlineCarRentals.Application       : Started Application in 2.595 seconds (process running for 3.048)
2023-06-07T08:52:12.176+05:30  INFO 3436 --- [main] c.p.r.onlineCarRentals.Application       : Application Started
2023-06-07T09:59:36.454+05:30  INFO 3436 --- [http-nio-8080-exec-1] o.a.c.c.C.[Tomcat].[localhost].[/]       : Initializing Spring DispatcherServlet 'dispatcherServlet'
2023-06-07T09:59:36.454+05:30  INFO 3436 --- [http-nio-8080-exec-1] o.s.web.servlet.DispatcherServlet        : Initializing Servlet 'dispatcherServlet'
2023-06-07T09:59:36.479+05:30  INFO 3436 --- [http-nio-8080-exec-1] o.s.web.servlet.DispatcherServlet        : Completed initialization in 25 ms
2023-06-07T09:59:36.581+05:30  INFO 3436 --- [http-nio-8080-exec-1] c.p.r.o.c.TransactionController          : Get all data: {}
2023-06-07T09:59:36.581+05:30  INFO 3436 --- [http-nio-8080-exec-1] c.p.r.o.service.TransactionServiceImpl   : Get all data: {}
2023-06-07T09:59:37.032+05:30  INFO 3436 --- [http-nio-8080-exec-4] c.p.r.o.controller.UserController        : Find by userId: 2
2023-06-07T09:59:37.032+05:30  INFO 3436 --- [http-nio-8080-exec-4] c.p.r.o.service.UserServiceImpl          : Find by userId: 2
2023-06-07T09:59:37.164+05:30  INFO 3436 --- [http-nio-8080-exec-6] c.p.r.o.controller.UserController        : Find by userId: 2
2023-06-07T09:59:37.164+05:30  INFO 3436 --- [http-nio-8080-exec-6] c.p.r.o.service.UserServiceImpl          : Find by userId: 2
2023-06-07T09:59:40.709+05:30  INFO 3436 --- [http-nio-8080-exec-8] c.p.r.o.controller.CarsController        : Get all data: {}
2023-06-07T09:59:40.710+05:30  INFO 3436 --- [http-nio-8080-exec-8] c.p.r.o.service.CarsServiceImpl          : Get all data: {}
2023-06-07T09:59:47.601+05:30  INFO 3436 --- [http-nio-8080-exec-7] c.p.r.o.c.TransactionController          : Get all data: {}
2023-06-07T09:59:47.601+05:30  INFO 3436 --- [http-nio-8080-exec-7] c.p.r.o.service.TransactionServiceImpl   : Get all data: {}
2023-06-07T10:01:46.719+05:30  INFO 3436 --- [http-nio-8080-exec-1] c.p.r.o.controller.UserController        : Delete by userId: 8
2023-06-07T10:01:46.719+05:30  INFO 3436 --- [http-nio-8080-exec-1] c.p.r.o.service.UserServiceImpl          : Delete by userId : 8
2023-06-07T10:01:49.995+05:30  INFO 3436 --- [http-nio-8080-exec-2] c.p.r.o.controller.UserController        : Get all data: {}
2023-06-07T10:01:49.996+05:30  INFO 3436 --- [http-nio-8080-exec-2] c.p.r.o.service.UserServiceImpl          : Get all data: {}
2023-06-07T10:01:54.826+05:30  INFO 3436 --- [http-nio-8080-exec-3] c.p.r.o.c.TransactionController          : Get all data: {}
2023-06-07T10:01:54.826+05:30  INFO 3436 --- [http-nio-8080-exec-3] c.p.r.o.service.TransactionServiceImpl   : Get all data: {}
2023-06-07T10:39:44.398+05:30  INFO 3436 --- [http-nio-8080-exec-8] c.p.r.o.controller.UserController        : Insert into table: User(userId=0, name=Ankit Chatterjee, email=abc@ac.in, password=Abc@123, phoneNumber=9932721685)
2023-06-07T10:39:44.407+05:30  INFO 3436 --- [http-nio-8080-exec-8] c.p.r.o.service.UserServiceImpl          : Insert into user table: User(userId=0, name=Ankit Chatterjee, email=abc@ac.in, password=Abc@123, phoneNumber=9932721685)
2023-06-07T10:40:26.296+05:30  INFO 3436 --- [http-nio-8080-exec-5] c.p.r.o.controller.UserController        : Find by email: ankit@ac.in
2023-06-07T10:40:55.092+05:30  INFO 3436 --- [http-nio-8080-exec-9] c.p.r.o.controller.UserController        : Find by email: ankit@ac.ina
2023-06-07T10:41:07.171+05:30  INFO 3436 --- [http-nio-8080-exec-2] c.p.r.o.controller.UserController        : Find by email: ankit@ac.in
2023-06-07T10:41:13.172+05:30  INFO 3436 --- [http-nio-8080-exec-4] c.p.r.o.controller.UserController        : Find by email: ankit@ac.in
2023-06-07T10:41:39.718+05:30  INFO 3436 --- [http-nio-8080-exec-8] c.p.r.o.controller.CarsController        : Get all data: {}
2023-06-07T10:41:39.719+05:30  INFO 3436 --- [http-nio-8080-exec-8] c.p.r.o.service.CarsServiceImpl          : Get all data: {}
2023-06-07T10:43:16.119+05:30  INFO 3436 --- [http-nio-8080-exec-10] c.p.r.o.controller.UserController        : Find by userId: 7
2023-06-07T10:43:16.119+05:30  INFO 3436 --- [http-nio-8080-exec-10] c.p.r.o.service.UserServiceImpl          : Find by userId: 7
2023-06-07T10:43:16.171+05:30  INFO 3436 --- [http-nio-8080-exec-1] c.p.r.o.c.TransactionController          : Insert into transaction: Transaction(transactionId=0, pickupDate=2023-06-10, returnDate=2023-06-11, dlNo=WB3512345678985, modeOfPayment=Cash, cost=0.0, discount=0.0, tax=0.0, cars=Cars(carId=4, carCompany=Datsun Go Plus, type=Hatchback, rent=1300.0, parkingNo=Parking(parkingNo=1, parkingName=New Town, noOfCars=5)), carId=0, userId=User(userId=7, name=Ankit Chatterjee, email=ankit@ac.in, password=Abc@123, phoneNumber=9932721685))
2023-06-07T10:43:16.174+05:30  INFO 3436 --- [http-nio-8080-exec-1] c.p.r.o.service.TransactionServiceImpl   : Insert into transaction: Transaction(transactionId=0, pickupDate=2023-06-10, returnDate=2023-06-11, dlNo=WB3512345678985, modeOfPayment=Cash, cost=0.0, discount=0.0, tax=0.0, cars=Cars(carId=4, carCompany=Datsun Go Plus, type=Hatchback, rent=1300.0, parkingNo=Parking(parkingNo=1, parkingName=New Town, noOfCars=5)), carId=0, userId=User(userId=7, name=Ankit Chatterjee, email=ankit@ac.in, password=Abc@123, phoneNumber=9932721685))
2023-06-07T10:43:16.189+05:30  INFO 3436 --- [http-nio-8080-exec-1] c.p.r.o.service.CarsServiceImpl          : Find by carId: 4
2023-06-07T10:43:20.334+05:30  INFO 3436 --- [http-nio-8080-exec-2] c.p.r.o.c.TransactionController          : Get all data: {}
2023-06-07T10:43:20.334+05:30  INFO 3436 --- [http-nio-8080-exec-2] c.p.r.o.service.TransactionServiceImpl   : Get all data: {}
2023-06-07T10:44:01.339+05:30  INFO 3436 --- [http-nio-8080-exec-4] c.p.r.o.controller.CarsController        : Get all data: {}
2023-06-07T10:44:01.340+05:30  INFO 3436 --- [http-nio-8080-exec-4] c.p.r.o.service.CarsServiceImpl          : Get all data: {}
2023-06-07T10:44:15.794+05:30  INFO 3436 --- [http-nio-8080-exec-8] c.p.r.o.controller.UserController        : Find by userId: 7
2023-06-07T10:44:15.794+05:30  INFO 3436 --- [http-nio-8080-exec-8] c.p.r.o.service.UserServiceImpl          : Find by userId: 7
2023-06-07T10:44:15.815+05:30  INFO 3436 --- [http-nio-8080-exec-7] c.p.r.o.c.TransactionController          : Insert into transaction: Transaction(transactionId=0, pickupDate=2023-06-07, returnDate=2023-06-15, dlNo=WB3512345678985, modeOfPayment=Cash, cost=0.0, discount=0.0, tax=0.0, cars=Cars(carId=4, carCompany=Datsun Go Plus, type=Hatchback, rent=1300.0, parkingNo=Parking(parkingNo=1, parkingName=New Town, noOfCars=5)), carId=0, userId=User(userId=7, name=Ankit Chatterjee, email=ankit@ac.in, password=Abc@123, phoneNumber=9932721685))
2023-06-07T10:44:15.816+05:30  INFO 3436 --- [http-nio-8080-exec-7] c.p.r.o.service.TransactionServiceImpl   : Insert into transaction: Transaction(transactionId=0, pickupDate=2023-06-07, returnDate=2023-06-15, dlNo=WB3512345678985, modeOfPayment=Cash, cost=0.0, discount=0.0, tax=0.0, cars=Cars(carId=4, carCompany=Datsun Go Plus, type=Hatchback, rent=1300.0, parkingNo=Parking(parkingNo=1, parkingName=New Town, noOfCars=5)), carId=0, userId=User(userId=7, name=Ankit Chatterjee, email=ankit@ac.in, password=Abc@123, phoneNumber=9932721685))
2023-06-07T10:44:15.823+05:30  INFO 3436 --- [http-nio-8080-exec-7] c.p.r.o.service.CarsServiceImpl          : Find by carId: 4
2023-06-07T10:44:17.266+05:30  INFO 3436 --- [http-nio-8080-exec-5] c.p.r.o.c.TransactionController          : Get all data: {}
2023-06-07T10:44:17.266+05:30  INFO 3436 --- [http-nio-8080-exec-5] c.p.r.o.service.TransactionServiceImpl   : Get all data: {}
2023-06-07T10:44:45.730+05:30  INFO 3436 --- [http-nio-8080-exec-9] c.p.r.o.c.TransactionController          : Get all data: {}
2023-06-07T10:44:45.731+05:30  INFO 3436 --- [http-nio-8080-exec-9] c.p.r.o.service.TransactionServiceImpl   : Get all data: {}
2023-06-07T10:44:46.594+05:30  INFO 3436 --- [http-nio-8080-exec-1] c.p.r.o.c.TransactionController          : Get all data: {}
2023-06-07T10:44:46.595+05:30  INFO 3436 --- [http-nio-8080-exec-1] c.p.r.o.service.TransactionServiceImpl   : Get all data: {}
2023-06-07T10:44:48.594+05:30  INFO 3436 --- [http-nio-8080-exec-2] c.p.r.o.controller.UserController        : Find by userId: 7
2023-06-07T10:44:48.595+05:30  INFO 3436 --- [http-nio-8080-exec-2] c.p.r.o.service.UserServiceImpl          : Find by userId: 7
2023-06-07T10:44:48.615+05:30  INFO 3436 --- [http-nio-8080-exec-3] c.p.r.o.controller.UserController        : Find by userId: 7
2023-06-07T10:44:48.616+05:30  INFO 3436 --- [http-nio-8080-exec-3] c.p.r.o.service.UserServiceImpl          : Find by userId: 7
2023-06-07T10:45:14.949+05:30  INFO 3436 --- [http-nio-8080-exec-8] c.p.r.o.controller.UserController        : Update table by userId: 7
2023-06-07T10:45:14.949+05:30  INFO 3436 --- [http-nio-8080-exec-8] c.p.r.o.service.UserServiceImpl          : Update by userId: 7
2023-06-07T10:45:20.289+05:30  INFO 3436 --- [http-nio-8080-exec-7] c.p.r.o.controller.UserController        : Find by userId: 7
2023-06-07T10:45:20.289+05:30  INFO 3436 --- [http-nio-8080-exec-7] c.p.r.o.service.UserServiceImpl          : Find by userId: 7
2023-06-07T10:45:20.302+05:30  INFO 3436 --- [http-nio-8080-exec-5] c.p.r.o.controller.UserController        : Find by userId: 7
2023-06-07T10:45:20.303+05:30  INFO 3436 --- [http-nio-8080-exec-5] c.p.r.o.service.UserServiceImpl          : Find by userId: 7
2023-06-07T10:45:43.234+05:30  INFO 3436 --- [http-nio-8080-exec-9] c.p.r.o.controller.UserController        : Find by email: ankit@ac.in
2023-06-07T10:56:51.401+05:30  INFO 3436 --- [http-nio-8080-exec-2] c.p.r.o.controller.CarsController        : Get all data: {}
2023-06-07T10:56:51.402+05:30  INFO 3436 --- [http-nio-8080-exec-2] c.p.r.o.service.CarsServiceImpl          : Get all data: {}
2023-06-07T10:56:59.647+05:30  INFO 3436 --- [http-nio-8080-exec-4] c.p.r.o.controller.CarsController        : Get all data: {}
2023-06-07T10:56:59.647+05:30  INFO 3436 --- [http-nio-8080-exec-4] c.p.r.o.service.CarsServiceImpl          : Get all data: {}
2023-06-07T10:58:59.013+05:30  INFO 3436 --- [http-nio-8080-exec-8] c.p.r.o.c.TransactionController          : Get all data: {}
2023-06-07T10:58:59.013+05:30  INFO 3436 --- [http-nio-8080-exec-8] c.p.r.o.service.TransactionServiceImpl   : Get all data: {}
2023-06-07T10:59:54.014+05:30  INFO 3436 --- [http-nio-8080-exec-5] c.p.r.o.controller.UserController        : Find by userId: 7
2023-06-07T10:59:54.015+05:30  INFO 3436 --- [http-nio-8080-exec-5] c.p.r.o.service.UserServiceImpl          : Find by userId: 7
2023-06-07T10:59:54.033+05:30  INFO 3436 --- [http-nio-8080-exec-10] c.p.r.o.controller.UserController        : Find by userId: 7
2023-06-07T10:59:54.033+05:30  INFO 3436 --- [http-nio-8080-exec-10] c.p.r.o.service.UserServiceImpl          : Find by userId: 7
2023-06-07T11:02:24.526+05:30  INFO 10312 --- [main] c.p.r.o.OnlineCarRentalsApplicationTests : Starting OnlineCarRentalsApplicationTests using Java 17.0.6 with PID 10312 (started by welco in C:\Users\welco\eclipse-workspace\onlineCarRentals)
2023-06-07T11:02:24.528+05:30  INFO 10312 --- [main] c.p.r.o.OnlineCarRentalsApplicationTests : No active profile set, falling back to 1 default profile: "default"
2023-06-07T11:02:25.383+05:30  INFO 10312 --- [main] .s.d.r.c.RepositoryConfigurationDelegate : Bootstrapping Spring Data JPA repositories in DEFAULT mode.
2023-06-07T11:02:25.509+05:30  INFO 10312 --- [main] .s.d.r.c.RepositoryConfigurationDelegate : Finished Spring Data repository scanning in 99 ms. Found 4 JPA repository interfaces.
2023-06-07T11:02:26.190+05:30  INFO 10312 --- [main] o.hibernate.jpa.internal.util.LogHelper  : HHH000204: Processing PersistenceUnitInfo [name: default]
2023-06-07T11:02:26.312+05:30  INFO 10312 --- [main] org.hibernate.Version                    : HHH000412: Hibernate ORM core version 6.1.7.Final
2023-06-07T11:02:26.737+05:30  INFO 10312 --- [main] com.zaxxer.hikari.HikariDataSource       : rentals - Starting...
2023-06-07T11:02:27.180+05:30  INFO 10312 --- [main] com.zaxxer.hikari.pool.HikariPool        : rentals - Added connection com.mysql.cj.jdbc.ConnectionImpl@4412ac1a
2023-06-07T11:02:27.183+05:30  INFO 10312 --- [main] com.zaxxer.hikari.HikariDataSource       : rentals - Start completed.
2023-06-07T11:02:27.215+05:30  INFO 10312 --- [main] SQL dialect                              : HHH000400: Using dialect: org.hibernate.dialect.MySQL8Dialect
2023-06-07T11:02:27.218+05:30  WARN 10312 --- [main] org.hibernate.orm.deprecation            : HHH90000026: MySQL8Dialect has been deprecated; use org.hibernate.dialect.MySQLDialect instead
2023-06-07T11:02:28.272+05:30  INFO 10312 --- [main] o.h.e.t.j.p.i.JtaPlatformInitiator       : HHH000490: Using JtaPlatform implementation: [org.hibernate.engine.transaction.jta.platform.internal.NoJtaPlatform]
2023-06-07T11:02:28.284+05:30  INFO 10312 --- [main] j.LocalContainerEntityManagerFactoryBean : Initialized JPA EntityManagerFactory for persistence unit 'default'
2023-06-07T11:02:28.914+05:30  WARN 10312 --- [main] JpaBaseConfiguration$JpaWebConfiguration : spring.jpa.open-in-view is enabled by default. Therefore, database queries may be performed during view rendering. Explicitly configure spring.jpa.open-in-view to disable this warning
2023-06-07T11:02:29.380+05:30  INFO 10312 --- [main] c.p.r.o.OnlineCarRentalsApplicationTests : Started OnlineCarRentalsApplicationTests in 5.314 seconds (process running for 9.619)
2023-06-07T11:02:29.382+05:30  INFO 10312 --- [main] c.p.r.onlineCarRentals.Application       : Application Started
2023-06-07T11:02:29.723+05:30  INFO 10312 --- [SpringApplicationShutdownHook] j.LocalContainerEntityManagerFactoryBean : Closing JPA EntityManagerFactory for persistence unit 'default'
2023-06-07T11:02:29.726+05:30  INFO 10312 --- [SpringApplicationShutdownHook] com.zaxxer.hikari.HikariDataSource       : rentals - Shutdown initiated...
2023-06-07T11:02:29.737+05:30  INFO 10312 --- [SpringApplicationShutdownHook] com.zaxxer.hikari.HikariDataSource       : rentals - Shutdown completed.
2023-06-07T11:12:12.039+05:30  INFO 3436 --- [RMI TCP Connection(142)-127.0.0.1] inMXBeanRegistrar$SpringApplicationAdmin : Application shutdown requested.
2023-06-07T11:12:12.059+05:30  INFO 3436 --- [RMI TCP Connection(142)-127.0.0.1] o.apache.catalina.core.StandardService   : Stopping service [Tomcat]
2023-06-07T11:12:12.062+05:30  INFO 3436 --- [RMI TCP Connection(142)-127.0.0.1] o.a.c.c.C.[Tomcat].[localhost].[/]       : Destroying Spring FrameworkServlet 'dispatcherServlet'
2023-06-07T11:12:12.080+05:30  INFO 3436 --- [RMI TCP Connection(142)-127.0.0.1] j.LocalContainerEntityManagerFactoryBean : Closing JPA EntityManagerFactory for persistence unit 'default'
2023-06-07T11:12:12.089+05:30  INFO 3436 --- [RMI TCP Connection(142)-127.0.0.1] com.zaxxer.hikari.HikariDataSource       : rentals - Shutdown initiated...
2023-06-07T11:12:12.095+05:30  INFO 3436 --- [RMI TCP Connection(142)-127.0.0.1] com.zaxxer.hikari.HikariDataSource       : rentals - Shutdown completed.
